【登录信息】
*18583b08a21790a2fbeaae760979a180*
`登陆天数: 28天 / 1393天
等级: 137
石头: 16
呼符: 0
体力: 72.29666666666667 / 140
友情点: 0 / 56483770`
*連続ログイン7日間到達おめでとうございます！
明日は1日目からリスタートされます。*
`獣の足跡 X 1
呼符 X 1
1月交換券(2024) X 1
`*2024年お正月キャンペーン　三が日限定ログインボーナス*
*開催期間中、三が日限定のログインボーナスをプレゼント！*
`叡智の業火 X 30
QP X 10000000
`_2023-12-31 19:35:48_
--------
*ba1a28b7d7ae70fac9849e9533ebac34*
`登陆天数: 67天 / 1331天
等级: 136
石头: 117
呼符: 30
体力: 74.58 / 139
友情点: 0 / 2458600`
*連続ログイン4日目
※ログインが途切れるか、7日到達すると
1日目から再開されます*
`聖晶石 X 1
1月交換券(2024) X 1
`*2024年お正月キャンペーン　三が日限定ログインボーナス*
*開催期間中、三が日限定のログインボーナスをプレゼント！*
`叡智の業火 X 30
QP X 10000000
`_2023-12-31 19:35:56_
--------
*e1b849f9631ffc1829b2e31402373e3c*
`登陆天数: 28天 / 28天
等级: 27
石头: 232
呼符: 38
体力: 171.40333333333334 / 52
友情点: 0 / 36345`
*連続ログイン7日間到達おめでとうございます！
明日は1日目からリスタートされます。*
`獣の足跡 X 1
呼符 X 1
1月交換券(2024) X 1
`*2024年お正月キャンペーン　三が日限定ログインボーナス*
*開催期間中、三が日限定のログインボーナスをプレゼント！*
`叡智の業火 X 30
QP X 10000000
`_2023-12-31 19:36:04_
--------
