【登录信息】
*18583b08a21790a2fbeaae760979a180*
`登陆天数: 29天 / 1394天
等级: 137
石头: 16
呼符: 0
体力: 360.25333333333333 / 140
友情点: 30 / 56483800`
*連続ログイン1日目
※ログインが途切れるか、7日到達すると
1日目から再開されます*
`フレンドポイント X 2000
1月交換券(2024) X 1
`*2024年お正月キャンペーン　三が日限定ログインボーナス*
*開催期間中、三が日限定のログインボーナスをプレゼント！*
`伝承結晶 X 1
`_2024-01-01 19:35:35_
--------
*ba1a28b7d7ae70fac9849e9533ebac34*
`登陆天数: 68天 / 1332天
等级: 136
石头: 117
呼符: 30
体力: 59.53333333333333 / 139
友情点: 30 / 2458895`
*連続ログイン5日目
※ログインが途切れるか、7日到達すると
1日目から再開されます*
`叡智の業火 X 2
1月交換券(2024) X 1
`*2024年お正月キャンペーン　三が日限定ログインボーナス*
*開催期間中、三が日限定のログインボーナスをプレゼント！*
`伝承結晶 X 1
`_2024-01-01 19:35:43_
--------
*e1b849f9631ffc1829b2e31402373e3c*
`登陆天数: 29天 / 29天
等级: 114
石头: 496
呼符: 46
体力: 147.79 / 132
友情点: 0 / 69020`
*連続ログイン1日目
※ログインが途切れるか、7日到達すると
1日目から再開されます*
`フレンドポイント X 2000
1月交換券(2024) X 1
`*2024年お正月キャンペーン　三が日限定ログインボーナス*
*開催期間中、三が日限定のログインボーナスをプレゼント！*
`伝承結晶 X 1
`_2024-01-01 19:35:51_
--------
