【登录信息】
*18583b08a21790a2fbeaae760979a180*
`登陆天数: 30天 / 1395天
等级: 137
石头: 16
呼符: 0
体力: 79.00333333333333 / 140
友情点: 0 / 56484020`
*連続ログイン2日目
※ログインが途切れるか、7日到達すると
1日目から再開されます*
`聖晶石 X 1
1月交換券(2024) X 1
`*2024年お正月キャンペーン　三が日限定ログインボーナス*
*開催期間中、三が日限定のログインボーナスをプレゼント！*
`聖杯 X 1
`_2024-01-02 19:35:31_
--------
*ba1a28b7d7ae70fac9849e9533ebac34*
`登陆天数: 69天 / 1333天
等级: 136
石头: 117
呼符: 30
体力: 44.523333333333326 / 139
友情点: 10 / 2459330`
*連続ログイン6日目
※ログインが途切れるか、7日到達すると
1日目から再開されます*
`聖晶石 X 2
1月交換券(2024) X 1
`*2024年お正月キャンペーン　三が日限定ログインボーナス*
*開催期間中、三が日限定のログインボーナスをプレゼント！*
`聖杯 X 1
`_2024-01-02 19:35:39_
--------
*e1b849f9631ffc1829b2e31402373e3c*
`登陆天数: 30天 / 30天
等级: 118
石头: 700
呼符: 46
体力: 292.76 / 134
友情点: 0 / 75920`
*連続ログイン2日目
※ログインが途切れるか、7日到達すると
1日目から再開されます*
`聖晶石 X 1
1月交換券(2024) X 1
`*2024年お正月キャンペーン　三が日限定ログインボーナス*
*開催期間中、三が日限定のログインボーナスをプレゼント！*
`聖杯 X 1
`_2024-01-02 19:35:47_
--------
