【登录信息】
*18583b08a21790a2fbeaae760979a180*
`登陆天数: 31天 / 1396天
等级: 137
石头: 16
呼符: 0
体力: 367.00333333333333 / 140
友情点: 40 / 56484060`
*連続ログイン3日目
※ログインが途切れるか、7日到達すると
1日目から再開されます*
`叡智の業火 X 1
1月交換券(2024) X 1
`*2024年お正月キャンペーン 10万リポスト達成プレゼント*
*開催期間中、初回ログインでお正月限定概念礼装&2024万QPをプレゼント！*
`ドラゴン・ダンス X 1
QP X 20240000
`_2024-01-03 19:35:31_
--------
*ba1a28b7d7ae70fac9849e9533ebac34*
`登陆天数: 70天 / 1334天
等级: 136
石头: 117
呼符: 30
体力: 38.519999999999996 / 139
友情点: 0 / 2459840`
*連続ログイン7日間到達おめでとうございます！
明日は1日目からリスタートされます。*
`獣の足跡 X 1
呼符 X 1
1月交換券(2024) X 1
`*2024年お正月キャンペーン 10万リポスト達成プレゼント*
*開催期間中、初回ログインでお正月限定概念礼装&2024万QPをプレゼント！*
`ドラゴン・ダンス X 1
QP X 20240000
`_2024-01-03 19:35:39_
--------
*e1b849f9631ffc1829b2e31402373e3c*
`登陆天数: 31天 / 31天
等级: 118
石头: 700
呼符: 46
体力: 580.76 / 134
友情点: 0 / 75920`
*連続ログイン3日目
※ログインが途切れるか、7日到達すると
1日目から再開されます*
`叡智の業火 X 1
1月交換券(2024) X 1
`*2024年お正月キャンペーン 10万リポスト達成プレゼント*
*開催期間中、初回ログインでお正月限定概念礼装&2024万QPをプレゼント！*
`ドラゴン・ダンス X 1
QP X 20240000
`_2024-01-03 19:35:47_
--------
