【登录信息】
*18583b08a21790a2fbeaae760979a180*
`登陆天数: 32天 / 1397天
等级: 137
石头: 20
呼符: 0
体力: 125.72 / 140
友情点: 20 / 56484205`
*連続ログイン4日目
※ログインが途切れるか、7日到達すると
1日目から再開されます*
`聖晶石 X 1
1月交換券(2024) X 1
`_2024-01-04 19:35:46_
--------
*ba1a28b7d7ae70fac9849e9533ebac34*
`登陆天数: 71天 / 1335天
等级: 136
石头: 117
呼符: 30
体力: 32.56999999999999 / 139
友情点: 10 / 2460280`
*連続ログイン1日目
※ログインが途切れるか、7日到達すると
1日目から再開されます*
`フレンドポイント X 2000
1月交換券(2024) X 1
`_2024-01-04 19:35:54_
--------
*e1b849f9631ffc1829b2e31402373e3c*
`登陆天数: 32天 / 32天
等级: 124
石头: 846
呼符: 46
体力: 207.29666666666668 / 136
友情点: 0 / 103120`
*連続ログイン4日目
※ログインが途切れるか、7日到達すると
1日目から再開されます*
`聖晶石 X 1
1月交換券(2024) X 1
`_2024-01-04 19:36:01_
--------
