【登录信息】
*18583b08a21790a2fbeaae760979a180*
`登陆天数: 33天 / 1398天
等级: 137
石头: 20
呼符: 0
体力: 145.15 / 140
友情点: 60 / 56484555`
*連続ログイン5日目
※ログインが途切れるか、7日到達すると
1日目から再開されます*
`叡智の業火 X 2
1月交換券(2024) X 1
`_2024-01-05 19:35:44_
--------
*ba1a28b7d7ae70fac9849e9533ebac34*
`登陆天数: 72天 / 1336天
等级: 136
石头: 119
呼符: 30
体力: 26.566666666666663 / 139
友情点: 10 / 2460740`
*連続ログイン2日目
※ログインが途切れるか、7日到達すると
1日目から再開されます*
`聖晶石 X 1
1月交換券(2024) X 1
`_2024-01-05 19:35:52_
--------
*e1b849f9631ffc1829b2e31402373e3c*
`登陆天数: 33天 / 33天
等级: 126
石头: 1198
呼符: 46
体力: 15.373333333333335 / 137
友情点: 0 / 117970`
*連続ログイン5日目
※ログインが途切れるか、7日到達すると
1日目から再開されます*
`叡智の業火 X 2
1月交換券(2024) X 1
`_2024-01-05 19:36:00_
--------
