【登录信息】
*18583b08a21790a2fbeaae760979a180*
`登陆天数: 34天 / 1399天
等级: 137
石头: 20
呼符: 0
体力: 433.12666666666667 / 140
友情点: 30 / 56484585`
*連続ログイン6日目
※ログインが途切れるか、7日到達すると
1日目から再開されます*
`聖晶石 X 2
1月交換券(2024) X 1
`_2024-01-06 19:35:37_
--------
*ba1a28b7d7ae70fac9849e9533ebac34*
`登陆天数: 73天 / 1337天
等级: 136
石头: 119
呼符: 30
体力: 20.543333333333337 / 139
友情点: 80 / 2461260`
*連続ログイン3日目
※ログインが途切れるか、7日到達すると
1日目から再開されます*
`叡智の業火 X 1
1月交換券(2024) X 1
`_2024-01-06 19:35:46_
--------
*e1b849f9631ffc1829b2e31402373e3c*
`登陆天数: 34天 / 34天
等级: 126
石头: 1203
呼符: 46
体力: 31.349999999999994 / 137
友情点: 0 / 118295`
*連続ログイン6日目
※ログインが途切れるか、7日到達すると
1日目から再開されます*
`聖晶石 X 2
1月交換券(2024) X 1
`_2024-01-06 19:35:54_
--------
