【登录信息】
*18583b08a21790a2fbeaae760979a180*
`登陆天数: 35天 / 1400天
等级: 137
石头: 20
呼符: 0
体力: 66.53666666666666 / 140
友情点: 20 / 56485025`
*連続ログイン7日間到達おめでとうございます！
明日は1日目からリスタートされます。*
`獣の足跡 X 1
呼符 X 1
1月交換券(2024) X 1
`_2024-01-07 19:35:35_
--------
*ba1a28b7d7ae70fac9849e9533ebac34*
`登陆天数: 74天 / 1338天
等级: 136
石头: 119
呼符: 31
体力: 14.536666666666662 / 139
友情点: 80 / 2463810`
*連続ログイン4日目
※ログインが途切れるか、7日到達すると
1日目から再開されます*
`聖晶石 X 1
1月交換券(2024) X 1
`_2024-01-07 19:35:43_
--------
*e1b849f9631ffc1829b2e31402373e3c*
`登陆天数: 35天 / 35天
等级: 126
石头: 1207
呼符: 46
体力: 25.340000000000003 / 137
友情点: 0 / 118645`
_2024-01-07 19:35:51_
--------
