【登录信息】
*18583b08a21790a2fbeaae760979a180*
`登陆天数: 37天 / 1402天
等级: 137
石头: 20
呼符: 0
体力: 159.55666666666667 / 140
友情点: 60 / 56485325`
*連続ログイン2日目
※ログインが途切れるか、7日到達すると
1日目から再開されます*
`聖晶石 X 1
1月交換券(2024) X 1
`_2024-01-09 19:35:19_
--------
*ba1a28b7d7ae70fac9849e9533ebac34*
`登陆天数: 76天 / 1340天
等级: 136
石头: 78
呼符: 0
体力: 86.48333333333333 / 139
友情点: 20 / 2465270`
*連続ログイン6日目
※ログインが途切れるか、7日到達すると
1日目から再開されます*
`聖晶石 X 2
1月交換券(2024) X 1
`_2024-01-09 19:35:27_
--------
*e1b849f9631ffc1829b2e31402373e3c*
`登陆天数: 37天 / 37天
等级: 126
石头: 1216
呼符: 46
体力: 23.28666666666666 / 137
友情点: 0 / 119320`
*連続ログイン2日目
※ログインが途切れるか、7日到達すると
1日目から再開されます*
`聖晶石 X 1
1月交換券(2024) X 1
`_2024-01-09 19:35:35_
--------
