【登录信息】
*18583b08a21790a2fbeaae760979a180*
`登陆天数: 38天 / 1403天
等级: 137
石头: 20
呼符: 0
体力: 447.62666666666667 / 140
友情点: 30 / 56485375`
*連続ログイン3日目
※ログインが途切れるか、7日到達すると
1日目から再開されます*
`叡智の業火 X 1
1月交換券(2024) X 1
`*「FGO カルデア・サテライトステーション 2023-2024」宮崎会場開催直前 ログインボーナス*
*開催期間中、1日1回 最大3回 ログインボーナスをプレゼント！*
`黄金の果実 X 1
`_2024-01-10 19:35:40_
--------
*ba1a28b7d7ae70fac9849e9533ebac34*
`登陆天数: 77天 / 1341天
等级: 136
石头: 78
呼符: 0
体力: 80.55666666666667 / 139
友情点: 50 / 2466230`
*連続ログイン7日間到達おめでとうございます！
明日は1日目からリスタートされます。*
`獣の足跡 X 1
呼符 X 1
1月交換券(2024) X 1
`*「FGO カルデア・サテライトステーション 2023-2024」宮崎会場開催直前 ログインボーナス*
*開催期間中、1日1回 最大3回 ログインボーナスをプレゼント！*
`黄金の果実 X 1
`_2024-01-10 19:35:48_
--------
*e1b849f9631ffc1829b2e31402373e3c*
`登陆天数: 38天 / 38天
等级: 126
石头: 1221
呼符: 46
体力: 17.36333333333333 / 137
友情点: 0 / 119645`
*連続ログイン3日目
※ログインが途切れるか、7日到達すると
1日目から再開されます*
`叡智の業火 X 1
1月交換券(2024) X 1
`*「FGO カルデア・サテライトステーション 2023-2024」宮崎会場開催直前 ログインボーナス*
*開催期間中、1日1回 最大3回 ログインボーナスをプレゼント！*
`黄金の果実 X 1
`_2024-01-10 19:35:57_
--------
