【登录信息】
*18583b08a21790a2fbeaae760979a180*
`登陆天数: 39天 / 1404天
等级: 137
石头: 20
呼符: 0
体力: 735.65 / 140
友情点: 60 / 56485435`
*連続ログイン4日目
※ログインが途切れるか、7日到達すると
1日目から再開されます*
`聖晶石 X 1
1月交換券(2024) X 1
`*「FGO カルデア・サテライトステーション 2023-2024」宮崎会場開催直前 ログインボーナス*
*開催期間中、1日1回 最大3回 ログインボーナスをプレゼント！*
`黄金の果実 X 1
`_2024-01-11 19:35:47_
--------
*ba1a28b7d7ae70fac9849e9533ebac34*
`登陆天数: 78天 / 1342天
等级: 136
石头: 78
呼符: 0
体力: 223.57999999999998 / 139
友情点: 80 / 2466610`
*連続ログイン1日目
※ログインが途切れるか、7日到達すると
1日目から再開されます*
`フレンドポイント X 2000
1月交換券(2024) X 1
`*「FGO カルデア・サテライトステーション 2023-2024」宮崎会場開催直前 ログインボーナス*
*開催期間中、1日1回 最大3回 ログインボーナスをプレゼント！*
`黄金の果実 X 1
`_2024-01-11 19:35:55_
--------
*e1b849f9631ffc1829b2e31402373e3c*
`登陆天数: 39天 / 39天
等级: 126
石头: 1225
呼符: 46
体力: 20.38333333333334 / 137
友情点: 0 / 119995`
_2024-01-11 19:36:04_
--------
