【登录信息】
*18583b08a21790a2fbeaae760979a180*
`登陆天数: 40天 / 1405天
等级: 137
石头: 20
呼符: 0
体力: 1023.5966666666667 / 140
友情点: 90 / 56485525`
*連続ログイン5日目
※ログインが途切れるか、7日到達すると
1日目から再開されます*
`叡智の業火 X 2
1月交換券(2024) X 1
`*「FGO カルデア・サテライトステーション 2023-2024」宮崎会場開催直前 ログインボーナス*
*開催期間中、1日1回 最大3回 ログインボーナスをプレゼント！*
`黄金の果実 X 1
`_2024-01-12 19:35:30_
--------
*ba1a28b7d7ae70fac9849e9533ebac34*
`登陆天数: 79天 / 1343天
等级: 136
石头: 78
呼符: 0
体力: 511.5233333333333 / 139
友情点: 60 / 2466670`
*連続ログイン2日目
※ログインが途切れるか、7日到達すると
1日目から再開されます*
`聖晶石 X 1
1月交換券(2024) X 1
`*「FGO カルデア・サテライトステーション 2023-2024」宮崎会場開催直前 ログインボーナス*
*開催期間中、1日1回 最大3回 ログインボーナスをプレゼント！*
`黄金の果実 X 1
`_2024-01-12 19:35:39_
--------
*e1b849f9631ffc1829b2e31402373e3c*
`登陆天数: 40天 / 40天
等级: 127
石头: 1232
呼符: 46
体力: 25.976666666666674 / 137
友情点: 0 / 120495`
_2024-01-12 19:35:47_
--------
