【登录信息】
*18583b08a21790a2fbeaae760979a180*
`登陆天数: 41天 / 1406天
等级: 137
石头: 20
呼符: 0
体力: 101.78999999999999 / 140
友情点: 0 / 56485605`
*連続ログイン6日目
※ログインが途切れるか、7日到達すると
1日目から再開されます*
`聖晶石 X 2
1月交換券(2024) X 1
`*「FGO カルデア・サテライトステーション 2023-2024」宮崎会場開催記念 3万リポスト達成プレゼント*
*開催期間中、初回ログインで「聖晶石×6」をプレゼント！*
`聖晶石 X 6
`_2024-01-13 19:35:35_
--------
*ba1a28b7d7ae70fac9849e9533ebac34*
`登陆天数: 80天 / 1344天
等级: 136
石头: 78
呼符: 0
体力: 799.54 / 139
友情点: 60 / 2466730`
*連続ログイン3日目
※ログインが途切れるか、7日到達すると
1日目から再開されます*
`叡智の業火 X 1
1月交換券(2024) X 1
`*「FGO カルデア・サテライトステーション 2023-2024」宮崎会場開催記念 3万リポスト達成プレゼント*
*開催期間中、初回ログインで「聖晶石×6」をプレゼント！*
`聖晶石 X 6
`_2024-01-13 19:35:43_
--------
*e1b849f9631ffc1829b2e31402373e3c*
`登陆天数: 41天 / 41天
等级: 127
石头: 1237
呼符: 46
体力: 24.989999999999995 / 137
友情点: 0 / 120845`
_2024-01-13 19:35:52_
--------
