【登录信息】
*18583b08a21790a2fbeaae760979a180*
`登陆天数: 42天 / 1407天
等级: 137
石头: 20
呼符: 0
体力: 389.78 / 140
友情点: 30 / 56485635`
*連続ログイン7日間到達おめでとうございます！
明日は1日目からリスタートされます。*
`獣の足跡 X 1
呼符 X 1
1月交換券(2024) X 1
`*Fate/Samurai Remnant×Fate/Grand Order
コラボレーションイベント
開幕直前特別ログインボーナス*
*開催期間中、1日1回 最大7回ログインボーナスをプレゼント！*
`聖晶石 X 1
`_2024-01-14 19:35:32_
--------
*ba1a28b7d7ae70fac9849e9533ebac34*
`登陆天数: 81天 / 1345天
等级: 136
石头: 78
呼符: 0
体力: 1087.5266666666666 / 139
友情点: 20 / 2466750`
*連続ログイン4日目
※ログインが途切れるか、7日到達すると
1日目から再開されます*
`聖晶石 X 1
1月交換券(2024) X 1
`*Fate/Samurai Remnant×Fate/Grand Order
コラボレーションイベント
開幕直前特別ログインボーナス*
*開催期間中、1日1回 最大7回ログインボーナスをプレゼント！*
`聖晶石 X 1
`_2024-01-14 19:35:40_
--------
*e1b849f9631ffc1829b2e31402373e3c*
`登陆天数: 42天 / 42天
等级: 127
石头: 1241
呼符: 46
体力: 18.980000000000004 / 137
友情点: 0 / 121195`
*連続ログイン7日間到達おめでとうございます！
明日は1日目からリスタートされます。*
`獣の足跡 X 1
呼符 X 1
1月交換券(2024) X 1
`*Fate/Samurai Remnant×Fate/Grand Order
コラボレーションイベント
開幕直前特別ログインボーナス*
*開催期間中、1日1回 最大7回ログインボーナスをプレゼント！*
`聖晶石 X 1
`_2024-01-14 19:35:48_
--------
