【登录信息】
*18583b08a21790a2fbeaae760979a180*
`登陆天数: 43天 / 1408天
等级: 137
石头: 20
呼符: 0
体力: 677.7666666666667 / 140
友情点: 50 / 56485685`
*連続ログイン1日目
※ログインが途切れるか、7日到達すると
1日目から再開されます*
`フレンドポイント X 2000
1月交換券(2024) X 1
`*Fate/Samurai Remnant×Fate/Grand Order
コラボレーションイベント
開幕直前特別ログインボーナス*
*開催期間中、1日1回 最大7回ログインボーナスをプレゼント！*
`QP X 2000000
聖晶石 X 1
`_2024-01-15 19:35:28_
--------
*ba1a28b7d7ae70fac9849e9533ebac34*
`登陆天数: 82天 / 1346天
等级: 136
石头: 78
呼符: 0
体力: 1375.5133333333333 / 139
友情点: 160 / 2466910`
*連続ログイン5日目
※ログインが途切れるか、7日到達すると
1日目から再開されます*
`叡智の業火 X 2
1月交換券(2024) X 1
`*Fate/Samurai Remnant×Fate/Grand Order
コラボレーションイベント
開幕直前特別ログインボーナス*
*開催期間中、1日1回 最大7回ログインボーナスをプレゼント！*
`QP X 2000000
聖晶石 X 1
`_2024-01-15 19:35:36_
--------
*e1b849f9631ffc1829b2e31402373e3c*
`登陆天数: 43天 / 43天
等级: 127
石头: 1246
呼符: 46
体力: 33.96666666666667 / 137
友情点: 0 / 121520`
*連続ログイン1日目
※ログインが途切れるか、7日到達すると
1日目から再開されます*
`フレンドポイント X 2000
1月交換券(2024) X 1
`*Fate/Samurai Remnant×Fate/Grand Order
コラボレーションイベント
開幕直前特別ログインボーナス*
*開催期間中、1日1回 最大7回ログインボーナスをプレゼント！*
`QP X 2000000
聖晶石 X 1
`_2024-01-15 19:35:45_
--------
