【登录信息】
*18583b08a21790a2fbeaae760979a180*
`登陆天数: 44天 / 1409天
等级: 137
石头: 20
呼符: 0
体力: 965.7833333333333 / 140
友情点: 50 / 56485735`
*連続ログイン2日目
※ログインが途切れるか、7日到達すると
1日目から再開されます*
`聖晶石 X 1
1月交換券(2024) X 1
`*Fate/Samurai Remnant×Fate/Grand Order
コラボレーションイベント
開幕直前特別ログインボーナス*
*開催期間中、1日1回 最大7回ログインボーナスをプレゼント！*
`聖晶石 X 1
白銀の果実 X 1
`_2024-01-16 19:35:33_
--------
*ba1a28b7d7ae70fac9849e9533ebac34*
`登陆天数: 83天 / 1347天
等级: 136
石头: 78
呼符: 0
体力: 1663.5333333333333 / 139
友情点: 70 / 2466980`
*連続ログイン6日目
※ログインが途切れるか、7日到達すると
1日目から再開されます*
`聖晶石 X 2
1月交換券(2024) X 1
`*Fate/Samurai Remnant×Fate/Grand Order
コラボレーションイベント
開幕直前特別ログインボーナス*
*開催期間中、1日1回 最大7回ログインボーナスをプレゼント！*
`聖晶石 X 1
白銀の果実 X 1
`_2024-01-16 19:35:42_
--------
*e1b849f9631ffc1829b2e31402373e3c*
`登陆天数: 44天 / 44天
等级: 127
石头: 1251
呼符: 46
体力: 6.986666666666679 / 137
友情点: 0 / 121895`
_2024-01-16 19:35:51_
--------
