【登录信息】
*18583b08a21790a2fbeaae760979a180*
`登陆天数: 45天 / 1410天
等级: 137
石头: 20
呼符: 0
体力: 1253.83 / 140
友情点: 70 / 56485805`
*連続ログイン3日目
※ログインが途切れるか、7日到達すると
1日目から再開されます*
`叡智の業火 X 1
1月交換券(2024) X 1
`*Fate/Samurai Remnant×Fate/Grand Order
コラボレーションイベント
開幕直前特別ログインボーナス*
*開催期間中、1日1回 最大7回ログインボーナスをプレゼント！*
`英霊結晶・星のフォウくん X 5
聖晶石 X 1
`_2024-01-17 19:35:47_
--------
*ba1a28b7d7ae70fac9849e9533ebac34*
`登陆天数: 84天 / 1348天
等级: 136
石头: 78
呼符: 0
体力: 1951.58 / 139
友情点: 90 / 2467070`
*連続ログイン7日間到達おめでとうございます！
明日は1日目からリスタートされます。*
`獣の足跡 X 1
呼符 X 1
1月交換券(2024) X 1
`*Fate/Samurai Remnant×Fate/Grand Order
コラボレーションイベント
開幕直前特別ログインボーナス*
*開催期間中、1日1回 最大7回ログインボーナスをプレゼント！*
`英霊結晶・星のフォウくん X 5
聖晶石 X 1
`_2024-01-17 19:35:56_
--------
*e1b849f9631ffc1829b2e31402373e3c*
`登陆天数: 45天 / 45天
等级: 127
石头: 1255
呼符: 46
体力: 22.03333333333333 / 137
友情点: 0 / 122195`
_2024-01-17 19:36:04_
--------
