【登录信息】
*18583b08a21790a2fbeaae760979a180*
`登陆天数: 46天 / 1411天
等级: 137
石头: 8
呼符: 0
体力: 1541.8166666666666 / 140
友情点: 70 / 56491965`
*連続ログイン4日目
※ログインが途切れるか、7日到達すると
1日目から再開されます*
`聖晶石 X 1
1月交換券(2024) X 1
`*Fate/Samurai Remnant×Fate/Grand Order
コラボレーションイベント
開幕直前特別ログインボーナス*
*開催期間中、1日1回 最大7回ログインボーナスをプレゼント！*
`英霊結晶・太陽のフォウくん X 5
聖晶石 X 1
`_2024-01-18 19:35:43_
--------
*ba1a28b7d7ae70fac9849e9533ebac34*
`登陆天数: 85天 / 1349天
等级: 136
石头: 78
呼符: 0
体力: 193.55 / 139
友情点: 80 / 2468180`
*連続ログイン1日目
※ログインが途切れるか、7日到達すると
1日目から再開されます*
`フレンドポイント X 2000
1月交換券(2024) X 1
`*Fate/Samurai Remnant×Fate/Grand Order
コラボレーションイベント
開幕直前特別ログインボーナス*
*開催期間中、1日1回 最大7回ログインボーナスをプレゼント！*
`英霊結晶・太陽のフォウくん X 5
聖晶石 X 1
`_2024-01-18 19:35:52_
--------
*e1b849f9631ffc1829b2e31402373e3c*
`登陆天数: 46天 / 46天
等级: 127
石头: 1262
呼符: 46
体力: 16.016666666666666 / 137
友情点: 0 / 122545`
_2024-01-18 19:36:00_
--------
