【登录信息】
*18583b08a21790a2fbeaae760979a180*
`登陆天数: 47天 / 1412天
等级: 137
石头: 8
呼符: 0
体力: 1829.78 / 140
友情点: 110 / 56492075`
*連続ログイン5日目
※ログインが途切れるか、7日到達すると
1日目から再開されます*
`叡智の業火 X 2
1月交換券(2024) X 1
`*Fate/Samurai Remnant×Fate/Grand Order
コラボレーションイベント
開幕直前特別ログインボーナス*
*開催期間中、1日1回 最大7回ログインボーナスをプレゼント！*
`聖晶石 X 1
マナプリズム X 50
`_2024-01-19 19:35:32_
--------
*ba1a28b7d7ae70fac9849e9533ebac34*
`登陆天数: 86天 / 1350天
等级: 136
石头: 79
呼符: 0
体力: 70.24666666666667 / 139
友情点: 10 / 2468540`
*連続ログイン2日目
※ログインが途切れるか、7日到達すると
1日目から再開されます*
`聖晶石 X 1
1月交換券(2024) X 1
`*Fate/Samurai Remnant×Fate/Grand Order
コラボレーションイベント
開幕直前特別ログインボーナス*
*開催期間中、1日1回 最大7回ログインボーナスをプレゼント！*
`聖晶石 X 1
マナプリズム X 50
`_2024-01-19 19:35:40_
--------
*e1b849f9631ffc1829b2e31402373e3c*
`登陆天数: 47天 / 47天
等级: 127
石头: 1267
呼符: 46
体力: 30.980000000000004 / 137
友情点: 0 / 122870`
*連続ログイン5日目
※ログインが途切れるか、7日到達すると
1日目から再開されます*
`叡智の業火 X 2
1月交換券(2024) X 1
`*Fate/Samurai Remnant×Fate/Grand Order
コラボレーションイベント
開幕直前特別ログインボーナス*
*開催期間中、1日1回 最大7回ログインボーナスをプレゼント！*
`聖晶石 X 1
マナプリズム X 50
`_2024-01-19 19:35:49_
--------
