【登录信息】
*18583b08a21790a2fbeaae760979a180*
`登陆天数: 48天 / 1413天
等级: 137
石头: 8
呼符: 0
体力: 2117.746666666667 / 140
友情点: 170 / 56492245`
*連続ログイン6日目
※ログインが途切れるか、7日到達すると
1日目から再開されます*
`聖晶石 X 2
1月交換券(2024) X 1
`*盈月剣風帖開幕記念 ログインボーナス*
*開催期間中、1日1回 最大21回ログインボーナスをプレゼント！*
`白銀の果実 X 1
`_2024-01-20 19:35:22_
--------
*ba1a28b7d7ae70fac9849e9533ebac34*
`登陆天数: 87天 / 1351天
等级: 136
石头: 86
呼符: 0
体力: 98.21000000000001 / 139
友情点: 30 / 2469180`
*連続ログイン3日目
※ログインが途切れるか、7日到達すると
1日目から再開されます*
`叡智の業火 X 1
1月交換券(2024) X 1
`*盈月剣風帖開幕記念 ログインボーナス*
*開催期間中、1日1回 最大21回ログインボーナスをプレゼント！*
`白銀の果実 X 1
`_2024-01-20 19:35:30_
--------
*e1b849f9631ffc1829b2e31402373e3c*
`登陆天数: 48天 / 48天
等级: 127
石头: 1271
呼符: 46
体力: 24.946666666666673 / 137
友情点: 0 / 123220`
*連続ログイン6日目
※ログインが途切れるか、7日到達すると
1日目から再開されます*
`聖晶石 X 2
1月交換券(2024) X 1
`*盈月剣風帖開幕記念 ログインボーナス*
*開催期間中、1日1回 最大21回ログインボーナスをプレゼント！*
`白銀の果実 X 1
`_2024-01-20 19:35:39_
--------
