【登录信息】
*18583b08a21790a2fbeaae760979a180*
`登陆天数: 49天 / 1414天
等级: 137
石头: 8
呼符: 0
体力: 2405.75 / 140
友情点: 70 / 56492315`
*連続ログイン7日間到達おめでとうございます！
明日は1日目からリスタートされます。*
`獣の足跡 X 1
呼符 X 1
1月交換券(2024) X 1
`*盈月剣風帖開幕記念 ログインボーナス*
*開催期間中、1日1回 最大21回ログインボーナスをプレゼント！*
`白銀の果実 X 1
`_2024-01-21 19:35:23_
--------
*ba1a28b7d7ae70fac9849e9533ebac34*
`登陆天数: 88天 / 1352天
等级: 136
石头: 93
呼符: 1
体力: 81.21666666666667 / 139
友情点: 140 / 2470370`
*連続ログイン4日目
※ログインが途切れるか、7日到達すると
1日目から再開されます*
`聖晶石 X 1
1月交換券(2024) X 1
`*盈月剣風帖開幕記念 ログインボーナス*
*開催期間中、1日1回 最大21回ログインボーナスをプレゼント！*
`白銀の果実 X 1
`_2024-01-21 19:35:32_
--------
*e1b849f9631ffc1829b2e31402373e3c*
`登陆天数: 49天 / 49天
等级: 127
石头: 1276
呼符: 46
体力: 18.953333333333333 / 137
友情点: 0 / 123770`
*連続ログイン7日間到達おめでとうございます！
明日は1日目からリスタートされます。*
`獣の足跡 X 1
呼符 X 1
1月交換券(2024) X 1
`*盈月剣風帖開幕記念 ログインボーナス*
*開催期間中、1日1回 最大21回ログインボーナスをプレゼント！*
`白銀の果実 X 1
`_2024-01-21 19:35:40_
--------
