【登录信息】
*18583b08a21790a2fbeaae760979a180*
`登陆天数: 50天 / 1415天
等级: 137
石头: 8
呼符: 0
体力: 2693.7366666666667 / 140
友情点: 80 / 56492395`
*連続ログイン1日目
※ログインが途切れるか、7日到達すると
1日目から再開されます*
`フレンドポイント X 2000
1月交換券(2024) X 1
`*リリース3100日突破キャンペーン 初回ログインボーナス*
*開催期間中、初回ログインで「聖晶石×10」をプレゼント！*
`聖晶石 X 10
`_2024-01-22 19:35:19_
--------
*ba1a28b7d7ae70fac9849e9533ebac34*
`登陆天数: 89天 / 1353天
等级: 136
石头: 95
呼符: 0
体力: 39.20333333333333 / 139
友情点: 40 / 2470795`
*連続ログイン5日目
※ログインが途切れるか、7日到達すると
1日目から再開されます*
`叡智の業火 X 2
1月交換券(2024) X 1
`*盈月剣風帖開幕記念 ログインボーナス*
*開催期間中、1日1回 最大21回ログインボーナスをプレゼント！*
`白銀の果実 X 1
`_2024-01-22 19:35:28_
--------
*e1b849f9631ffc1829b2e31402373e3c*
`登陆天数: 50天 / 50天
等级: 127
石头: 1281
呼符: 46
体力: 12.939999999999998 / 137
友情点: 0 / 124320`
_2024-01-22 19:35:36_
--------
