【登录信息】
*18583b08a21790a2fbeaae760979a180*
`登陆天数: 51天 / 1416天
等级: 137
石头: 8
呼符: 0
体力: 2981.79 / 140
友情点: 110 / 56492505`
*連続ログイン2日目
※ログインが途切れるか、7日到達すると
1日目から再開されます*
`聖晶石 X 1
1月交換券(2024) X 1
`*盈月剣風帖開幕記念 ログインボーナス*
*開催期間中、1日1回 最大21回ログインボーナスをプレゼント！*
`白銀の果実 X 1
`_2024-01-23 19:35:35_
--------
*ba1a28b7d7ae70fac9849e9533ebac34*
`登陆天数: 90天 / 1354天
等级: 136
石头: 97
呼符: 1
体力: 57.25666666666666 / 139
友情点: 70 / 2471315`
*連続ログイン6日目
※ログインが途切れるか、7日到達すると
1日目から再開されます*
`聖晶石 X 2
1月交換券(2024) X 1
`*盈月剣風帖開幕記念 ログインボーナス*
*開催期間中、1日1回 最大21回ログインボーナスをプレゼント！*
`白銀の果実 X 1
`_2024-01-23 19:35:44_
--------
*e1b849f9631ffc1829b2e31402373e3c*
`登陆天数: 51天 / 51天
等级: 127
石头: 1285
呼符: 46
体力: 27.989999999999995 / 137
友情点: 0 / 124845`
_2024-01-23 19:35:52_
--------
