【登录信息】
*18583b08a21790a2fbeaae760979a180*
`登陆天数: 52天 / 1417天
等级: 137
石头: 8
呼符: 0
体力: 3269.806666666667 / 140
友情点: 30 / 56492535`
*連続ログイン3日目
※ログインが途切れるか、7日到達すると
1日目から再開されます*
`叡智の業火 X 1
1月交換券(2024) X 1
`*盈月剣風帖開幕記念 ログインボーナス*
*開催期間中、1日1回 最大21回ログインボーナスをプレゼント！*
`黄金の果実 X 1
`_2024-01-24 19:35:40_
--------
*ba1a28b7d7ae70fac9849e9533ebac34*
`登陆天数: 91天 / 1355天
等级: 136
石头: 100
呼符: 1
体力: 40.273333333333326 / 139
友情点: 60 / 2471700`
*連続ログイン7日間到達おめでとうございます！
明日は1日目からリスタートされます。*
`獣の足跡 X 1
呼符 X 1
1月交換券(2024) X 1
`*盈月剣風帖開幕記念 ログインボーナス*
*開催期間中、1日1回 最大21回ログインボーナスをプレゼント！*
`黄金の果実 X 1
`_2024-01-24 19:35:49_
--------
*e1b849f9631ffc1829b2e31402373e3c*
`登陆天数: 52天 / 52天
等级: 127
石头: 1290
呼符: 46
体力: 22.00666666666666 / 137
友情点: 0 / 125370`
*連続ログイン3日目
※ログインが途切れるか、7日到達すると
1日目から再開されます*
`叡智の業火 X 1
1月交換券(2024) X 1
`*盈月剣風帖開幕記念 ログインボーナス*
*開催期間中、1日1回 最大21回ログインボーナスをプレゼント！*
`白銀の果実 X 1
`_2024-01-24 19:35:57_
--------
