【登录信息】
*18583b08a21790a2fbeaae760979a180*
`登陆天数: 53天 / 1418天
等级: 137
石头: 8
呼符: 0
体力: 3557.786666666667 / 140
友情点: 90 / 56492625`
*連続ログイン4日目
※ログインが途切れるか、7日到達すると
1日目から再開されます*
`聖晶石 X 1
1月交換券(2024) X 1
`*盈月剣風帖開幕記念 ログインボーナス*
*開催期間中、1日1回 最大21回ログインボーナスをプレゼント！*
`白銀の果実 X 1
`_2024-01-25 19:35:34_
--------
*ba1a28b7d7ae70fac9849e9533ebac34*
`登陆天数: 92天 / 1356天
等级: 136
石头: 46
呼符: 2
体力: 43.25 / 139
友情点: 70 / 2476240`
*連続ログイン1日目
※ログインが途切れるか、7日到達すると
1日目から再開されます*
`フレンドポイント X 2000
1月交換券(2024) X 1
`*盈月剣風帖開幕記念 ログインボーナス*
*開催期間中、1日1回 最大21回ログインボーナスをプレゼント！*
`白銀の果実 X 1
`_2024-01-25 19:35:42_
--------
*e1b849f9631ffc1829b2e31402373e3c*
`登陆天数: 53天 / 53天
等级: 127
石头: 1294
呼符: 46
体力: 24.986666666666665 / 137
友情点: 0 / 125820`
*連続ログイン4日目
※ログインが途切れるか、7日到達すると
1日目から再開されます*
`聖晶石 X 1
1月交換券(2024) X 1
`*盈月剣風帖開幕記念 ログインボーナス*
*開催期間中、1日1回 最大21回ログインボーナスをプレゼント！*
`白銀の果実 X 1
`_2024-01-25 19:35:50_
--------
