【登录信息】
*18583b08a21790a2fbeaae760979a180*
`登陆天数: 54天 / 1419天
等级: 137
石头: 8
呼符: 0
体力: 3845.826666666667 / 140
友情点: 140 / 56492765`
*連続ログイン5日目
※ログインが途切れるか、7日到達すると
1日目から再開されます*
`叡智の業火 X 2
1月交換券(2024) X 1
`*盈月剣風帖開幕記念 ログインボーナス*
*開催期間中、1日1回 最大21回ログインボーナスをプレゼント！*
`白銀の果実 X 1
`_2024-01-26 19:35:46_
--------
*ba1a28b7d7ae70fac9849e9533ebac34*
`登陆天数: 93天 / 1357天
等级: 136
石头: 46
呼符: 2
体力: 11.293333333333337 / 139
友情点: 180 / 2476890`
*連続ログイン2日目
※ログインが途切れるか、7日到達すると
1日目から再開されます*
`聖晶石 X 1
1月交換券(2024) X 1
`*盈月剣風帖開幕記念 ログインボーナス*
*開催期間中、1日1回 最大21回ログインボーナスをプレゼント！*
`白銀の果実 X 1
`_2024-01-26 19:35:55_
--------
*e1b849f9631ffc1829b2e31402373e3c*
`登陆天数: 54天 / 54天
等级: 128
石头: 1302
呼符: 46
体力: 29.049999999999997 / 137
友情点: 0 / 126295`
*連続ログイン5日目
※ログインが途切れるか、7日到達すると
1日目から再開されます*
`叡智の業火 X 2
1月交換券(2024) X 1
`*盈月剣風帖開幕記念 ログインボーナス*
*開催期間中、1日1回 最大21回ログインボーナスをプレゼント！*
`白銀の果実 X 1
`_2024-01-26 19:36:03_
--------
