【登录信息】
*18583b08a21790a2fbeaae760979a180*
`登陆天数: 55天 / 1420天
等级: 137
石头: 8
呼符: 0
体力: 4134.013333333333 / 140
友情点: 120 / 56492885`
*連続ログイン6日目
※ログインが途切れるか、7日到達すると
1日目から再開されます*
`聖晶石 X 2
1月交換券(2024) X 1
`*盈月剣風帖開幕記念 ログインボーナス*
*開催期間中、1日1回 最大21回ログインボーナスをプレゼント！*
`白銀の果実 X 1
`_2024-01-27 19:36:41_
--------
*ba1a28b7d7ae70fac9849e9533ebac34*
`登陆天数: 94天 / 1358天
等级: 136
石头: 46
呼符: 2
体力: 19.476666666666674 / 139
友情点: 40 / 2477440`
_2024-01-27 19:36:50_
--------
*e1b849f9631ffc1829b2e31402373e3c*
`登陆天数: 55天 / 55天
等级: 128
石头: 1307
呼符: 46
体力: 23.230000000000004 / 137
友情点: 0 / 126670`
_2024-01-27 19:36:58_
--------
