【登录信息】
*18583b08a21790a2fbeaae760979a180*
`登陆天数: 56天 / 1421天
等级: 137
石头: 8
呼符: 0
体力: 4421.803333333333 / 140
友情点: 190 / 56493075`
*連続ログイン7日間到達おめでとうございます！
明日は1日目からリスタートされます。*
`獣の足跡 X 1
呼符 X 1
1月交換券(2024) X 1
`*盈月剣風帖開幕記念 ログインボーナス*
*開催期間中、1日1回 最大21回ログインボーナスをプレゼント！*
`白銀の果実 X 1
`_2024-01-28 19:35:39_
--------
*ba1a28b7d7ae70fac9849e9533ebac34*
`登陆天数: 95天 / 1359天
等级: 136
石头: 46
呼符: 2
体力: 107.27 / 139
友情点: 20 / 2477715`
*連続ログイン4日目
※ログインが途切れるか、7日到達すると
1日目から再開されます*
`聖晶石 X 1
1月交換券(2024) X 1
`*盈月剣風帖開幕記念 ログインボーナス*
*開催期間中、1日1回 最大21回ログインボーナスをプレゼント！*
`白銀の果実 X 1
`_2024-01-28 19:35:48_
--------
*e1b849f9631ffc1829b2e31402373e3c*
`登陆天数: 56天 / 56天
等级: 128
石头: 1311
呼符: 46
体力: 27.02666666666667 / 137
友情点: 0 / 127145`
_2024-01-28 19:35:56_
--------
