【登录信息】
*18583b08a21790a2fbeaae760979a180*
`登陆天数: 57天 / 1422天
等级: 137
石头: 8
呼符: 0
体力: 4709.943333333334 / 140
友情点: 40 / 56493125`
*連続ログイン1日目
※ログインが途切れるか、7日到達すると
1日目から再開されます*
`フレンドポイント X 2000
1月交換券(2024) X 1
`*盈月剣風帖開幕記念 ログインボーナス*
*開催期間中、1日1回 最大21回ログインボーナスをプレゼント！*
`白銀の果実 X 1
`_2024-01-29 19:36:21_
--------
*ba1a28b7d7ae70fac9849e9533ebac34*
`登陆天数: 96天 / 1360天
等级: 136
石头: 46
呼符: 2
体力: 115.41 / 139
友情点: 40 / 2478330`
*連続ログイン5日目
※ログインが途切れるか、7日到達すると
1日目から再開されます*
`叡智の業火 X 2
1月交換券(2024) X 1
`*盈月剣風帖開幕記念 ログインボーナス*
*開催期間中、1日1回 最大21回ログインボーナスをプレゼント！*
`白銀の果実 X 1
`_2024-01-29 19:36:30_
--------
*e1b849f9631ffc1829b2e31402373e3c*
`登陆天数: 57天 / 57天
等级: 128
石头: 1316
呼符: 46
体力: 20.163333333333327 / 137
友情点: 0 / 127570`
_2024-01-29 19:36:38_
--------
