【登录信息】
*18583b08a21790a2fbeaae760979a180*
`登陆天数: 58天 / 1423天
等级: 137
石头: 8
呼符: 0
体力: 4997.81 / 140
友情点: 60 / 56493185`
*連続ログイン2日目
※ログインが途切れるか、7日到達すると
1日目から再開されます*
`聖晶石 X 1
1月交換券(2024) X 1
`*「Fate/stay night」20周年記念
「Fate/stay night」サーヴァント特別召喚アイテムプレゼント*
*開催期間中、初回ログインで「Fate/stay night 20th記念特別交換チケット」をプレゼント！*
`Fate/stay night 20th記念特別交換チケット X 1
`_2024-01-30 19:35:41_
--------
*ba1a28b7d7ae70fac9849e9533ebac34*
`登陆天数: 97天 / 1361天
等级: 136
石头: 46
呼符: 2
体力: 123.27666666666667 / 139
友情点: 0 / 2478835`
*連続ログイン6日目
※ログインが途切れるか、7日到達すると
1日目から再開されます*
`聖晶石 X 2
1月交換券(2024) X 1
`*「Fate/stay night」20周年記念特別ログインボーナス*
*開催期間中、1日1回 最大7回ログインボーナスをプレゼント！*
`叡智の猛火 X 20
`_2024-01-30 19:35:49_
--------
*e1b849f9631ffc1829b2e31402373e3c*
`登陆天数: 58天 / 58天
等级: 128
石头: 1321
呼符: 46
体力: 14.030000000000001 / 137
友情点: 0 / 127970`
*連続ログイン2日目
※ログインが途切れるか、7日到達すると
1日目から再開されます*
`聖晶石 X 1
1月交換券(2024) X 1
`*「Fate/stay night」20周年記念特別ログインボーナス*
*開催期間中、1日1回 最大7回ログインボーナスをプレゼント！*
`叡智の猛火 X 20
`_2024-01-30 19:35:58_
--------
