【登录信息】
*18583b08a21790a2fbeaae760979a180*
`登陆天数: 59天 / 1424天
等级: 137
石头: 8
呼符: 0
体力: 5285.723333333333 / 140
友情点: 90 / 56493275`
*連続ログイン3日目
※ログインが途切れるか、7日到達すると
1日目から再開されます*
`叡智の業火 X 1
2月交換券(2024) X 1
`*「Fate/stay night」20周年記念
7万リポスト達成プレゼント*
*開催期間中、初回ログインで「聖晶石×20」をプレゼント！*
`聖晶石 X 20
`_2024-01-31 19:35:14_
--------
*ba1a28b7d7ae70fac9849e9533ebac34*
`登陆天数: 98天 / 1362天
等级: 136
石头: 46
呼符: 2
体力: 91.19 / 139
友情点: 30 / 2479265`
*連続ログイン7日間到達おめでとうございます！
明日は1日目からリスタートされます。*
`獣の足跡 X 1
呼符 X 1
2月交換券(2024) X 1
`*「Fate/stay night」20周年記念
7万リポスト達成プレゼント*
*開催期間中、初回ログインで「聖晶石×20」をプレゼント！*
`聖晶石 X 20
`_2024-01-31 19:35:23_
--------
*e1b849f9631ffc1829b2e31402373e3c*
`登陆天数: 59天 / 59天
等级: 128
石头: 1325
呼符: 46
体力: 24.943333333333328 / 137
友情点: 0 / 128295`
*連続ログイン3日目
※ログインが途切れるか、7日到達すると
1日目から再開されます*
`叡智の業火 X 1
2月交換券(2024) X 1
`*「Fate/stay night」20周年記念
7万リポスト達成プレゼント*
*開催期間中、初回ログインで「聖晶石×20」をプレゼント！*
`聖晶石 X 20
`_2024-01-31 19:35:32_
--------
