【登录信息】
*18583b08a21790a2fbeaae760979a180*
`登陆天数: 60天 / 1425天
等级: 137
石头: 8
呼符: 0
体力: 5573.746666666667 / 140
友情点: 30 / 56493305`
*連続ログイン4日目
※ログインが途切れるか、7日到達すると
1日目から再開されます*
`聖晶石 X 1
2月交換券(2024) X 1
`*日替りログインボーナス*
*開催期間中、1日1回 2週間日替りでログインボーナスをプレゼント！*
`聖晶石 X 1
巡霊の葉 X 50
`_2024-02-01 19:35:22_
--------
*ba1a28b7d7ae70fac9849e9533ebac34*
`登陆天数: 99天 / 1363天
等级: 136
石头: 48
呼符: 2
体力: 99.21333333333334 / 139
友情点: 0 / 2479520`
*連続ログイン1日目
※ログインが途切れるか、7日到達すると
1日目から再開されます*
`フレンドポイント X 2000
2月交換券(2024) X 1
`*日替りログインボーナス*
*開催期間中、1日1回 2週間日替りでログインボーナスをプレゼント！*
`聖晶石 X 1
巡霊の葉 X 50
`_2024-02-01 19:35:30_
--------
*e1b849f9631ffc1829b2e31402373e3c*
`登陆天数: 60天 / 60天
等级: 128
石头: 1329
呼符: 46
体力: 13.969999999999999 / 137
友情点: 25 / 132920`
_2024-02-01 19:35:39_
--------
