【登录信息】
*18583b08a21790a2fbeaae760979a180*
`登陆天数: 61天 / 1426天
等级: 137
石头: 8
呼符: 0
体力: 5861.763333333333 / 140
友情点: 80 / 56493385`
*連続ログイン5日目
※ログインが途切れるか、7日到達すると
1日目から再開されます*
`叡智の業火 X 2
2月交換券(2024) X 1
`*日替りログインボーナス*
*開催期間中、1日1回 2週間日替りでログインボーナスをプレゼント！*
`巡霊の葉 X 30
`_2024-02-02 19:35:26_
--------
*ba1a28b7d7ae70fac9849e9533ebac34*
`登陆天数: 100天 / 1364天
等级: 136
石头: 6
呼符: 0
体力: 67.22666666666667 / 139
友情点: 30 / 2483910`
*連続ログイン2日目
※ログインが途切れるか、7日到達すると
1日目から再開されます*
`聖晶石 X 1
2月交換券(2024) X 1
`*日替りログインボーナス*
*開催期間中、1日1回 2週間日替りでログインボーナスをプレゼント！*
`巡霊の葉 X 30
`_2024-02-02 19:35:35_
--------
*e1b849f9631ffc1829b2e31402373e3c*
`登陆天数: 61天 / 61天
等级: 128
石头: 1334
呼符: 46
体力: 7.98333333333332 / 137
友情点: 0 / 143970`
_2024-02-02 19:35:43_
--------
