【登录信息】
*18583b08a21790a2fbeaae760979a180*
`登陆天数: 62天 / 1427天
等级: 137
石头: 8
呼符: 0
体力: 6149.786666666667 / 140
友情点: 40 / 56493425`
*連続ログイン6日目
※ログインが途切れるか、7日到達すると
1日目から再開されます*
`聖晶石 X 2
2月交換券(2024) X 1
`*日替りログインボーナス*
*開催期間中、1日1回 2週間日替りでログインボーナスをプレゼント！*
`巡霊の葉 X 30
`_2024-02-03 19:35:34_
--------
*ba1a28b7d7ae70fac9849e9533ebac34*
`登陆天数: 101天 / 1365天
等级: 136
石头: 6
呼符: 0
体力: 75.25 / 139
友情点: 30 / 2484215`
*連続ログイン3日目
※ログインが途切れるか、7日到達すると
1日目から再開されます*
`叡智の業火 X 1
2月交換券(2024) X 1
`*日替りログインボーナス*
*開催期間中、1日1回 2週間日替りでログインボーナスをプレゼント！*
`巡霊の葉 X 30
`_2024-02-03 19:35:42_
--------
*e1b849f9631ffc1829b2e31402373e3c*
`登陆天数: 62天 / 62天
等级: 128
石头: 1338
呼符: 46
体力: 15.00666666666666 / 137
友情点: 0 / 144295`
_2024-02-03 19:35:51_
--------
