【登录信息】
*18583b08a21790a2fbeaae760979a180*
`登陆天数: 2天 / 1367天
等级: 134
石头: 4
呼符: 0
体力: 1462.8533333333332 / 139
友情点: 20 / 55215160`
*連続ログイン2日目
※ログインが途切れるか、7日到達すると
1日目から再開されます*
`聖晶石 X 1
12月交換券(2023) X 1
`*日替りログインボーナス*
*開催期間中、1日1回 2週間日替りでログインボーナスをプレゼント！*
`聖晶石 X 3
巡霊の葉 X 50
`_2023-12-05 19:35:24_
--------
*ba1a28b7d7ae70fac9849e9533ebac34*
`登陆天数: 41天 / 1305天
等级: 134
石头: 68
呼符: 17
体力: 111.89666666666668 / 139
友情点: 40 / 932235`
*連続ログイン6日目
※ログインが途切れるか、7日到達すると
1日目から再開されます*
`聖晶石 X 2
12月交換券(2023) X 1
`*日替りログインボーナス*
*開催期間中、1日1回 2週間日替りでログインボーナスをプレゼント！*
`聖晶石 X 3
巡霊の葉 X 50
`_2023-12-05 19:35:33_
--------
*e1b849f9631ffc1829b2e31402373e3c*
`登陆天数: 2天 / 2天
等级: 1
石头: 2
呼符: 0
体力: 120.93333333333334 / 20
友情点: 0 / 10`
*連続ログイン2日目
※ログインが途切れるか、7日到達すると
1日目から再開されます*
`聖晶石 X 1
12月交換券(2023) X 1
`_2023-12-05 19:35:42_
--------
