【登录信息】
*18583b08a21790a2fbeaae760979a180*
`登陆天数: 3天 / 1368天
等级: 134
石头: 4
呼符: 0
体力: 142.14666666666668 / 139
友情点: 0 / 55215370`
*連続ログイン3日目
※ログインが途切れるか、7日到達すると
1日目から再開されます*
`叡智の業火 X 1
12月交換券(2023) X 1
`*激走！川中島24時 ぐだぐだ超五稜郭 殺しのサインはM51
開幕記念 ログインボーナス*
*開催期間中、1日1回 最大21回ログインボーナスをプレゼント！*
`白銀の果実 X 1
`_2023-12-06 19:35:39_
--------
*ba1a28b7d7ae70fac9849e9533ebac34*
`登陆天数: 42天 / 1306天
等级: 134
石头: 68
呼符: 17
体力: 24.923333333333332 / 139
友情点: 190 / 933285`
*連続ログイン7日間到達おめでとうございます！
明日は1日目からリスタートされます。*
`獣の足跡 X 1
呼符 X 1
12月交換券(2023) X 1
`*激走！川中島24時 ぐだぐだ超五稜郭 殺しのサインはM51
開幕記念 ログインボーナス*
*開催期間中、1日1回 最大21回ログインボーナスをプレゼント！*
`白銀の果実 X 1
`_2023-12-06 19:35:49_
--------
*e1b849f9631ffc1829b2e31402373e3c*
`登陆天数: 3天 / 3天
等级: 1
石头: 2
呼符: 0
体力: 408.98333333333335 / 20
友情点: 0 / 10`
*連続ログイン3日目
※ログインが途切れるか、7日到達すると
1日目から再開されます*
`叡智の業火 X 1
12月交換券(2023) X 1
`_2023-12-06 19:35:58_
--------
