【登录信息】
*18583b08a21790a2fbeaae760979a180*
`登陆天数: 4天 / 1369天
等级: 134
石头: 4
呼符: 0
体力: 430.15 / 139
友情点: 260 / 55215640`
*連続ログイン4日目
※ログインが途切れるか、7日到達すると
1日目から再開されます*
`聖晶石 X 1
12月交換券(2023) X 1
`*激走！川中島24時 ぐだぐだ超五稜郭 殺しのサインはM51
開幕記念 ログインボーナス*
*開催期間中、1日1回 最大21回ログインボーナスをプレゼント！*
`白銀の果実 X 1
`_2023-12-07 19:35:40_
--------
*ba1a28b7d7ae70fac9849e9533ebac34*
`登陆天数: 43天 / 1307天
等级: 134
石头: 68
呼符: 17
体力: 32.92333333333333 / 139
友情点: 50 / 933685`
_2023-12-07 19:35:49_
--------
*e1b849f9631ffc1829b2e31402373e3c*
`登陆天数: 4天 / 4天
等级: 1
石头: 2
呼符: 0
体力: 696.98 / 20
友情点: 0 / 10`
*連続ログイン4日目
※ログインが途切れるか、7日到達すると
1日目から再開されます*
`聖晶石 X 1
12月交換券(2023) X 1
`_2023-12-07 19:35:57_
--------
