【登录信息】
*18583b08a21790a2fbeaae760979a180*
`登陆天数: 6天 / 1371天
等级: 134
石头: 5
呼符: 0
体力: 155.39 / 139
友情点: 60 / 55216390`
*連続ログイン6日目
※ログインが途切れるか、7日到達すると
1日目から再開されます*
`聖晶石 X 2
12月交換券(2023) X 1
`*激走！川中島24時 ぐだぐだ超五稜郭 殺しのサインはM51
開幕記念 ログインボーナス*
*開催期間中、1日1回 最大21回ログインボーナスをプレゼント！*
`白銀の果実 X 1
`_2023-12-09 19:35:34_
--------
*ba1a28b7d7ae70fac9849e9533ebac34*
`登陆天数: 45天 / 1309天
等级: 134
石头: 68
呼符: 17
体力: 128.90333333333334 / 139
友情点: 20 / 934395`
*連続ログイン3日目
※ログインが途切れるか、7日到達すると
1日目から再開されます*
`叡智の業火 X 1
12月交換券(2023) X 1
`*激走！川中島24時 ぐだぐだ超五稜郭 殺しのサインはM51
開幕記念 ログインボーナス*
*開催期間中、1日1回 最大21回ログインボーナスをプレゼント！*
`白銀の果実 X 1
`_2023-12-09 19:35:42_
--------
*e1b849f9631ffc1829b2e31402373e3c*
`登陆天数: 6天 / 6天
等级: 1
石头: 2
呼符: 0
体力: 1272.96 / 20
友情点: 0 / 10`
*連続ログイン6日目
※ログインが途切れるか、7日到達すると
1日目から再開されます*
`聖晶石 X 2
12月交換券(2023) X 1
`_2023-12-09 19:35:51_
--------
