【登录信息】
*18583b08a21790a2fbeaae760979a180*
`登陆天数: 7天 / 1372天
等级: 134
石头: 5
呼符: 0
体力: 443.3833333333333 / 139
友情点: 70 / 55217060`
*連続ログイン7日間到達おめでとうございます！
明日は1日目からリスタートされます。*
`獣の足跡 X 1
呼符 X 1
12月交換券(2023) X 1
`*激走！川中島24時 ぐだぐだ超五稜郭 殺しのサインはM51
開幕記念 ログインボーナス*
*開催期間中、1日1回 最大21回ログインボーナスをプレゼント！*
`黄金の果実 X 1
`_2023-12-10 19:35:32_
--------
*ba1a28b7d7ae70fac9849e9533ebac34*
`登陆天数: 46天 / 1310天
等级: 134
石头: 68
呼符: 17
体力: 96.89666666666668 / 139
友情点: 60 / 934625`
*連続ログイン4日目
※ログインが途切れるか、7日到達すると
1日目から再開されます*
`聖晶石 X 1
12月交換券(2023) X 1
`*激走！川中島24時 ぐだぐだ超五稜郭 殺しのサインはM51
開幕記念 ログインボーナス*
*開催期間中、1日1回 最大21回ログインボーナスをプレゼント！*
`白銀の果実 X 1
`_2023-12-10 19:35:41_
--------
*e1b849f9631ffc1829b2e31402373e3c*
`登陆天数: 7天 / 7天
等级: 1
石头: 2
呼符: 0
体力: 1560.9566666666667 / 20
友情点: 0 / 10`
*連続ログイン7日間到達おめでとうございます！
明日は1日目からリスタートされます。*
`獣の足跡 X 1
呼符 X 1
12月交換券(2023) X 1
`_2023-12-10 19:35:49_
--------
