【登录信息】
*18583b08a21790a2fbeaae760979a180*
`登陆天数: 8天 / 1373天
等级: 134
石头: 5
呼符: 0
体力: 731.47 / 139
友情点: 200 / 55217260`
*連続ログイン1日目
※ログインが途切れるか、7日到達すると
1日目から再開されます*
`フレンドポイント X 2000
12月交換券(2023) X 1
`*激走！川中島24時 ぐだぐだ超五稜郭 殺しのサインはM51
開幕記念 ログインボーナス*
*開催期間中、1日1回 最大21回ログインボーナスをプレゼント！*
`白銀の果実 X 1
`_2023-12-11 19:35:58_
--------
*ba1a28b7d7ae70fac9849e9533ebac34*
`登陆天数: 47天 / 1311天
等级: 134
石头: 68
呼符: 17
体力: 104.98333333333333 / 139
友情点: 100 / 936175`
*連続ログイン5日目
※ログインが途切れるか、7日到達すると
1日目から再開されます*
`叡智の業火 X 2
12月交換券(2023) X 1
`*激走！川中島24時 ぐだぐだ超五稜郭 殺しのサインはM51
開幕記念 ログインボーナス*
*開催期間中、1日1回 最大21回ログインボーナスをプレゼント！*
`白銀の果実 X 1
`_2023-12-11 19:36:07_
--------
*e1b849f9631ffc1829b2e31402373e3c*
`登陆天数: 8天 / 8天
等级: 1
石头: 2
呼符: 0
体力: 1849.0433333333333 / 20
友情点: 0 / 10`
*連続ログイン1日目
※ログインが途切れるか、7日到達すると
1日目から再開されます*
`フレンドポイント X 2000
12月交換券(2023) X 1
`*使用期限付コンティニューアイテムプレゼント！*
*開催期間中、初回ログインでコンティニューアイテム「霊脈石×3」をプレゼント！*
`霊脈石 X 3
`_2023-12-11 19:36:16_
--------
