【登录信息】
*18583b08a21790a2fbeaae760979a180*
`登陆天数: 9天 / 1374天
等级: 134
石头: 21
呼符: 3
体力: 94.46666666666667 / 139
友情点: 40 / 55221915`
*連続ログイン2日目
※ログインが途切れるか、7日到達すると
1日目から再開されます*
`聖晶石 X 1
12月交換券(2023) X 1
`*激走！川中島24時 ぐだぐだ超五稜郭 殺しのサインはM51
開幕記念 ログインボーナス*
*開催期間中、1日1回 最大21回ログインボーナスをプレゼント！*
`白銀の果実 X 1
`_2023-12-12 19:35:53_
--------
*ba1a28b7d7ae70fac9849e9533ebac34*
`登陆天数: 48天 / 1312天
等级: 134
石头: 69
呼符: 17
体力: 92.29333333333334 / 139
友情点: 30 / 937940`
*連続ログイン6日目
※ログインが途切れるか、7日到達すると
1日目から再開されます*
`聖晶石 X 2
12月交換券(2023) X 1
`*激走！川中島24時 ぐだぐだ超五稜郭 殺しのサインはM51
開幕記念 ログインボーナス*
*開催期間中、1日1回 最大21回ログインボーナスをプレゼント！*
`黄金の果実 X 1
`_2023-12-12 19:36:01_
--------
*e1b849f9631ffc1829b2e31402373e3c*
`登陆天数: 9天 / 9天
等级: 1
石头: 2
呼符: 0
体力: 2137.0233333333335 / 20
友情点: 0 / 10`
*連続ログイン2日目
※ログインが途切れるか、7日到達すると
1日目から再開されます*
`聖晶石 X 1
12月交換券(2023) X 1
`_2023-12-12 19:36:10_
--------
