【登录信息】
*18583b08a21790a2fbeaae760979a180*
`登陆天数: 10天 / 1375天
等级: 135
石头: 25
呼符: 3
体力: 104.18666666666667 / 139
友情点: 70 / 55226115`
*連続ログイン3日目
※ログインが途切れるか、7日到達すると
1日目から再開されます*
`叡智の業火 X 1
12月交換券(2023) X 1
`*激走！川中島24時 ぐだぐだ超五稜郭 殺しのサインはM51
開幕記念 ログインボーナス*
*開催期間中、1日1回 最大21回ログインボーナスをプレゼント！*
`白銀の果実 X 1
`_2023-12-13 19:35:50_
--------
*ba1a28b7d7ae70fac9849e9533ebac34*
`登陆天数: 49天 / 1313天
等级: 134
石头: 69
呼符: 17
体力: 100.28333333333333 / 139
友情点: 30 / 938420`
*連続ログイン7日間到達おめでとうございます！
明日は1日目からリスタートされます。*
`獣の足跡 X 1
呼符 X 1
12月交換券(2023) X 1
`*激走！川中島24時 ぐだぐだ超五稜郭 殺しのサインはM51
開幕記念 ログインボーナス*
*開催期間中、1日1回 最大21回ログインボーナスをプレゼント！*
`白銀の果実 X 1
`_2023-12-13 19:35:58_
--------
*e1b849f9631ffc1829b2e31402373e3c*
`登陆天数: 10天 / 10天
等级: 1
石头: 2
呼符: 0
体力: 2425.0133333333333 / 20
友情点: 0 / 10`
*連続ログイン3日目
※ログインが途切れるか、7日到達すると
1日目から再開されます*
`叡智の業火 X 1
12月交換券(2023) X 1
`_2023-12-13 19:36:06_
--------
