【登录信息】
*18583b08a21790a2fbeaae760979a180*
`登陆天数: 13天 / 1378天
等级: 135
石头: 27
呼符: 3
体力: 409.17 / 139
友情点: 110 / 55230355`
*連続ログイン6日目
※ログインが途切れるか、7日到達すると
1日目から再開されます*
`聖晶石 X 2
12月交換券(2023) X 1
`*激走！川中島24時 ぐだぐだ超五稜郭 殺しのサインはM51
開幕記念 ログインボーナス*
*開催期間中、1日1回 最大21回ログインボーナスをプレゼント！*
`白銀の果実 X 1
`_2023-12-16 19:35:35_
--------
*ba1a28b7d7ae70fac9849e9533ebac34*
`登陆天数: 52天 / 1316天
等级: 134
石头: 69
呼符: 17
体力: 84.23666666666666 / 139
友情点: 50 / 939620`
*連続ログイン3日目
※ログインが途切れるか、7日到達すると
1日目から再開されます*
`叡智の業火 X 1
12月交換券(2023) X 1
`*激走！川中島24時 ぐだぐだ超五稜郭 殺しのサインはM51
開幕記念 ログインボーナス*
*開催期間中、1日1回 最大21回ログインボーナスをプレゼント！*
`白銀の果実 X 1
`_2023-12-16 19:35:44_
--------
*e1b849f9631ffc1829b2e31402373e3c*
`登陆天数: 13天 / 13天
等级: 1
石头: 2
呼符: 0
体力: 3288.963333333333 / 20
友情点: 0 / 10`
*連続ログイン6日目
※ログインが途切れるか、7日到達すると
1日目から再開されます*
`聖晶石 X 2
12月交換券(2023) X 1
`_2023-12-16 19:35:52_
--------
