【登录信息】
*18583b08a21790a2fbeaae760979a180*
`登陆天数: 15天 / 1380天
等级: 135
石头: 27
呼符: 3
体力: 985.1966666666667 / 139
友情点: 140 / 55230725`
*連続ログイン1日目
※ログインが途切れるか、7日到達すると
1日目から再開されます*
`フレンドポイント X 2000
12月交換券(2023) X 1
`*激走！川中島24時 ぐだぐだ超五稜郭 殺しのサインはM51
開幕記念 ログインボーナス*
*開催期間中、1日1回 最大21回ログインボーナスをプレゼント！*
`白銀の果実 X 1
`_2023-12-18 19:35:43_
--------
*ba1a28b7d7ae70fac9849e9533ebac34*
`登陆天数: 54天 / 1318天
等级: 134
石头: 69
呼符: 17
体力: 60.263333333333335 / 139
友情点: 40 / 940560`
*連続ログイン5日目
※ログインが途切れるか、7日到達すると
1日目から再開されます*
`叡智の業火 X 2
12月交換券(2023) X 1
`*激走！川中島24時 ぐだぐだ超五稜郭 殺しのサインはM51
開幕記念 ログインボーナス*
*開催期間中、1日1回 最大21回ログインボーナスをプレゼント！*
`白銀の果実 X 1
`_2023-12-18 19:35:51_
--------
*e1b849f9631ffc1829b2e31402373e3c*
`登陆天数: 15天 / 15天
等级: 1
石头: 2
呼符: 0
体力: 3864.99 / 20
友情点: 0 / 10`
*連続ログイン1日目
※ログインが途切れるか、7日到達すると
1日目から再開されます*
`フレンドポイント X 2000
12月交換券(2023) X 1
`_2023-12-18 19:36:00_
--------
