【登录信息】
*18583b08a21790a2fbeaae760979a180*
`登陆天数: 16天 / 1381天
等级: 135
石头: 27
呼符: 3
体力: 1273.12 / 139
友情点: 70 / 55230795`
*連続ログイン2日目
※ログインが途切れるか、7日到達すると
1日目から再開されます*
`聖晶石 X 1
12月交換券(2023) X 1
`_2023-12-19 19:35:21_
--------
*ba1a28b7d7ae70fac9849e9533ebac34*
`登陆天数: 55天 / 1319天
等级: 134
石头: 69
呼符: 17
体力: 63.873333333333335 / 139
友情点: 60 / 941030`
*連続ログイン6日目
※ログインが途切れるか、7日到達すると
1日目から再開されます*
`聖晶石 X 2
12月交換券(2023) X 1
`_2023-12-19 19:35:29_
--------
*e1b849f9631ffc1829b2e31402373e3c*
`登陆天数: 16天 / 16天
等级: 1
石头: 2
呼符: 0
体力: 4152.913333333333 / 20
友情点: 0 / 10`
*連続ログイン2日目
※ログインが途切れるか、7日到達すると
1日目から再開されます*
`聖晶石 X 1
12月交換券(2023) X 1
`_2023-12-19 19:35:37_
--------
