【登录信息】
*18583b08a21790a2fbeaae760979a180*
`登陆天数: 17天 / 1382天
等级: 135
石头: 27
呼符: 3
体力: 1561.1533333333334 / 139
友情点: 70 / 55231465`
*連続ログイン3日目
※ログインが途切れるか、7日到達すると
1日目から再開されます*
`叡智の業火 X 1
12月交換券(2023) X 1
`*雪原のメリー・クリスマス2023 ～7days / 8years Snow Carol～開幕記念 ログインボーナス*
*開催期間中、1日1回 最大10回ログインボーナスをプレゼント！*
`黄金の果実 X 1
`_2023-12-20 19:35:30_
--------
*ba1a28b7d7ae70fac9849e9533ebac34*
`登陆天数: 56天 / 1320天
等级: 134
石头: 72
呼符: 20
体力: 25.810000000000002 / 139
友情点: 280 / 949710`
*連続ログイン7日間到達おめでとうございます！
明日は1日目からリスタートされます。*
`獣の足跡 X 1
呼符 X 1
12月交換券(2023) X 1
`*雪原のメリー・クリスマス2023 ～7days / 8years Snow Carol～開幕記念 ログインボーナス*
*開催期間中、1日1回 最大10回ログインボーナスをプレゼント！*
`白銀の果実 X 1
`_2023-12-20 19:35:38_
--------
*e1b849f9631ffc1829b2e31402373e3c*
`登陆天数: 17天 / 17天
等级: 1
石头: 2
呼符: 0
体力: 4440.943333333334 / 20
友情点: 0 / 10`
*連続ログイン3日目
※ログインが途切れるか、7日到達すると
1日目から再開されます*
`叡智の業火 X 1
12月交換券(2023) X 1
`_2023-12-20 19:35:46_
--------
