【登录信息】
*18583b08a21790a2fbeaae760979a180*
`登陆天数: 18天 / 1383天
等级: 135
石头: 27
呼符: 3
体力: 1849.1766666666667 / 139
友情点: 270 / 55231735`
*連続ログイン4日目
※ログインが途切れるか、7日到達すると
1日目から再開されます*
`聖晶石 X 1
12月交換券(2023) X 1
`*雪原のメリー・クリスマス2023 ～7days / 8years Snow Carol～開幕記念 ログインボーナス*
*開催期間中、1日1回 最大10回ログインボーナスをプレゼント！*
`白銀の果実 X 1
`_2023-12-21 19:35:37_
--------
*ba1a28b7d7ae70fac9849e9533ebac34*
`登陆天数: 57天 / 1321天
等级: 134
石头: 72
呼符: 20
体力: 33.83333333333333 / 139
友情点: 170 / 950145`
*連続ログイン1日目
※ログインが途切れるか、7日到達すると
1日目から再開されます*
`フレンドポイント X 2000
12月交換券(2023) X 1
`*雪原のメリー・クリスマス2023 ～7days / 8years Snow Carol～開幕記念 ログインボーナス*
*開催期間中、1日1回 最大10回ログインボーナスをプレゼント！*
`白銀の果実 X 1
`_2023-12-21 19:35:45_
--------
*e1b849f9631ffc1829b2e31402373e3c*
`登陆天数: 18天 / 18天
等级: 1
石头: 2
呼符: 0
体力: 4728.97 / 20
友情点: 0 / 10`
*連続ログイン4日目
※ログインが途切れるか、7日到達すると
1日目から再開されます*
`聖晶石 X 1
12月交換券(2023) X 1
`_2023-12-21 19:35:53_
--------
