【登录信息】
*18583b08a21790a2fbeaae760979a180*
`登陆天数: 19天 / 1384天
等级: 135
石头: 27
呼符: 3
体力: 2137.1466666666665 / 139
友情点: 100 / 55231835`
*連続ログイン5日目
※ログインが途切れるか、7日到達すると
1日目から再開されます*
`叡智の業火 X 2
12月交換券(2023) X 1
`*雪原のメリー・クリスマス2023 ～7days / 8years Snow Carol～開幕記念 ログインボーナス*
*開催期間中、1日1回 最大10回ログインボーナスをプレゼント！*
`白銀の果実 X 1
`_2023-12-22 19:35:28_
--------
*ba1a28b7d7ae70fac9849e9533ebac34*
`登陆天数: 58天 / 1322天
等级: 134
石头: 72
呼符: 20
体力: 41.80333333333333 / 139
友情点: 40 / 950475`
*連続ログイン2日目
※ログインが途切れるか、7日到達すると
1日目から再開されます*
`聖晶石 X 1
12月交換券(2023) X 1
`*雪原のメリー・クリスマス2023 ～7days / 8years Snow Carol～開幕記念 ログインボーナス*
*開催期間中、1日1回 最大10回ログインボーナスをプレゼント！*
`白銀の果実 X 1
`_2023-12-22 19:35:36_
--------
*e1b849f9631ffc1829b2e31402373e3c*
`登陆天数: 19天 / 19天
等级: 1
石头: 2
呼符: 0
体力: 5016.94 / 20
友情点: 0 / 10`
*連続ログイン5日目
※ログインが途切れるか、7日到達すると
1日目から再開されます*
`叡智の業火 X 2
12月交換券(2023) X 1
`_2023-12-22 19:35:44_
--------
