【登录信息】
*18583b08a21790a2fbeaae760979a180*
`登陆天数: 21天 / 1386天
等级: 135
石头: 27
呼符: 3
体力: 2713.153333333333 / 139
友情点: 160 / 55232125`
*連続ログイン7日間到達おめでとうございます！
明日は1日目からリスタートされます。*
`獣の足跡 X 1
呼符 X 1
12月交換券(2023) X 1
`*ネモ〔サンタ〕からのクリスマスプレゼント*
*開催期間中、初回ログインで「聖晶石×10」をプレゼント！*
`聖晶石 X 10
`_2023-12-24 19:35:30_
--------
*ba1a28b7d7ae70fac9849e9533ebac34*
`登陆天数: 60天 / 1324天
等级: 134
石头: 72
呼符: 20
体力: 17.810000000000002 / 139
友情点: 230 / 952385`
_2023-12-24 19:35:39_
--------
*e1b849f9631ffc1829b2e31402373e3c*
`登陆天数: 21天 / 21天
等级: 1
石头: 2
呼符: 0
体力: 5592.946666666667 / 20
友情点: 0 / 10`
*連続ログイン7日間到達おめでとうございます！
明日は1日目からリスタートされます。*
`獣の足跡 X 1
呼符 X 1
12月交換券(2023) X 1
`*ネモ〔サンタ〕からのクリスマスプレゼント*
*開催期間中、初回ログインで「聖晶石×10」をプレゼント！*
`聖晶石 X 10
`_2023-12-24 19:35:47_
--------
