【登录信息】
*18583b08a21790a2fbeaae760979a180*
`登陆天数: 23天 / 1388天
等级: 135
石头: 27
呼符: 3
体力: 3289.1866666666665 / 139
友情点: 130 / 55232455`
*連続ログイン2日目
※ログインが途切れるか、7日到達すると
1日目から再開されます*
`聖晶石 X 1
12月交換券(2023) X 1
`*「FGO カルデア・サテライトステーション 2023-2024」京都会場開催直前 ログインボーナス*
*開催期間中、1日1回 最大3回 ログインボーナスをプレゼント！*
`サテライトステーション23-24 X 1
黄金の果実 X 1
`_2023-12-26 19:35:40_
--------
*ba1a28b7d7ae70fac9849e9533ebac34*
`登陆天数: 62天 / 1326天
等级: 134
石头: 72
呼符: 20
体力: 113.84666666666666 / 139
友情点: 0 / 953065`
*連続ログイン6日目
※ログインが途切れるか、7日到達すると
1日目から再開されます*
`聖晶石 X 2
12月交換券(2023) X 1
`*「FGO カルデア・サテライトステーション 2023-2024」京都会場開催直前 ログインボーナス*
*開催期間中、1日1回 最大3回 ログインボーナスをプレゼント！*
`サテライトステーション23-24 X 1
黄金の果実 X 1
`_2023-12-26 19:35:49_
--------
*e1b849f9631ffc1829b2e31402373e3c*
`登陆天数: 23天 / 23天
等级: 1
石头: 2
呼符: 0
体力: 6168.98 / 20
友情点: 0 / 10`
*連続ログイン2日目
※ログインが途切れるか、7日到達すると
1日目から再開されます*
`聖晶石 X 1
12月交換券(2023) X 1
`_2023-12-26 19:35:57_
--------
