【登录信息】
*18583b08a21790a2fbeaae760979a180*
`登陆天数: 24天 / 1389天
等级: 135
石头: 36
呼符: 0
体力: 16.96666666666667 / 139
友情点: 10 / 55236290`
*連続ログイン3日目
※ログインが途切れるか、7日到達すると
1日目から再開されます*
`叡智の業火 X 1
12月交換券(2023) X 1
`*「FGO カルデア・サテライトステーション 2023-2024」京都会場開催直前 ログインボーナス*
*開催期間中、1日1回 最大3回 ログインボーナスをプレゼント！*
`黄金の果実 X 1
`_2023-12-27 19:35:16_
--------
*ba1a28b7d7ae70fac9849e9533ebac34*
`登陆天数: 63天 / 1327天
等级: 134
石头: 72
呼符: 20
体力: 101.24000000000001 / 139
友情点: 10 / 954835`
*連続ログイン7日間到達おめでとうございます！
明日は1日目からリスタートされます。*
`獣の足跡 X 1
呼符 X 1
12月交換券(2023) X 1
`*「FGO カルデア・サテライトステーション 2023-2024」京都会場開催直前 ログインボーナス*
*開催期間中、1日1回 最大3回 ログインボーナスをプレゼント！*
`黄金の果実 X 1
`_2023-12-27 19:35:24_
--------
*e1b849f9631ffc1829b2e31402373e3c*
`登陆天数: 24天 / 24天
等级: 1
石头: 2
呼符: 0
体力: 6456.8966666666665 / 20
友情点: 0 / 10`
*連続ログイン3日目
※ログインが途切れるか、7日到達すると
1日目から再開されます*
`叡智の業火 X 1
12月交換券(2023) X 1
`_2023-12-27 19:35:32_
--------
