【登录信息】
*18583b08a21790a2fbeaae760979a180*
`登陆天数: 25天 / 1390天
等级: 137
石头: 65
呼符: 7
体力: 193.19333333333333 / 140
友情点: 10 / 55479805`
*連続ログイン4日目
※ログインが途切れるか、7日到達すると
1日目から再開されます*
`聖晶石 X 1
12月交換券(2023) X 1
`*「FGO カルデア・サテライトステーション 2023-2024」京都会場開催直前 ログインボーナス*
*開催期間中、1日1回 最大3回 ログインボーナスをプレゼント！*
`黄金の果実 X 1
`_2023-12-28 19:35:37_
--------
*ba1a28b7d7ae70fac9849e9533ebac34*
`登陆天数: 64天 / 1328天
等级: 134
石头: 72
呼符: 20
体力: 109.31 / 139
友情点: 30 / 955105`
*連続ログイン1日目
※ログインが途切れるか、7日到達すると
1日目から再開されます*
`フレンドポイント X 2000
12月交換券(2023) X 1
`*「FGO カルデア・サテライトステーション 2023-2024」京都会場開催直前 ログインボーナス*
*開催期間中、1日1回 最大3回 ログインボーナスをプレゼント！*
`黄金の果実 X 1
`_2023-12-28 19:35:46_
--------
*e1b849f9631ffc1829b2e31402373e3c*
`登陆天数: 25天 / 25天
等级: 1
石头: 2
呼符: 0
体力: 6744.97 / 20
友情点: 0 / 10`
*連続ログイン4日目
※ログインが途切れるか、7日到達すると
1日目から再開されます*
`聖晶石 X 1
12月交換券(2023) X 1
`_2023-12-28 19:35:54_
--------
