【登录信息】
*18583b08a21790a2fbeaae760979a180*
`登陆天数: 26天 / 1391天
等级: 137
石头: 65
呼符: 7
体力: 481.17 / 140
友情点: 10 / 55514245`
*連続ログイン5日目
※ログインが途切れるか、7日到達すると
1日目から再開されます*
`叡智の業火 X 2
12月交換券(2023) X 1
`*「FGO カルデア・サテライトステーション 2023-2024」京都会場開催記念 3万リポスト達成プレゼント*
*開催期間中、初回ログインで「聖晶石×6」をプレゼント！*
`聖晶石 X 6
`_2023-12-29 19:35:30_
--------
*ba1a28b7d7ae70fac9849e9533ebac34*
`登陆天数: 65天 / 1329天
等级: 134
石头: 74
呼符: 20
体力: 37.28666666666666 / 139
友情点: 20 / 959915`
_2023-12-29 19:35:38_
--------
*e1b849f9631ffc1829b2e31402373e3c*
`登陆天数: 26天 / 26天
等级: 1
石头: 2
呼符: 0
体力: 7032.943333333334 / 20
友情点: 0 / 10`
*連続ログイン5日目
※ログインが途切れるか、7日到達すると
1日目から再開されます*
`叡智の業火 X 2
12月交換券(2023) X 1
`_2023-12-29 19:35:46_
--------
