【登录信息】
*18583b08a21790a2fbeaae760979a180*
`登陆天数: 27天 / 1392天
等级: 137
石头: 71
呼符: 8
体力: 113.95 / 140
友情点: 0 / 56483640`
*連続ログイン6日目
※ログインが途切れるか、7日到達すると
1日目から再開されます*
`聖晶石 X 2
12月交換券(2023) X 1
`*Fate Project 大晦日TVスペシャル2023 放送カウントダウンログインボーナス*
*開催期間中、1日1回 3日間日替りでログインボーナスをプレゼント！*
`黄金の果実 X 1
呼符 X 1
`_2023-12-30 19:35:34_
--------
*ba1a28b7d7ae70fac9849e9533ebac34*
`登陆天数: 66天 / 1330天
等级: 135
石头: 83
呼符: 20
体力: 144.15333333333334 / 139
友情点: 30 / 985505`
_2023-12-30 19:35:42_
--------
*e1b849f9631ffc1829b2e31402373e3c*
`登陆天数: 27天 / 27天
等级: 1
石头: 2
呼符: 0
体力: 7320.956666666667 / 20
友情点: 0 / 10`
*連続ログイン6日目
※ログインが途切れるか、7日到達すると
1日目から再開されます*
`聖晶石 X 2
12月交換券(2023) X 1
`_2023-12-30 19:35:50_
--------
